
=INFO REPORT==== 9-Jan-2018::18:53:37 ===
    starting_server
    session_log: "logs/session_2018-01-09_18-53-37.log"
    port: 1984
    init_new_blockweave: false
    automine: false
    miner: <0.389.0>
    peers: []
    polling: false

=INFO REPORT==== 9-Jan-2018::18:53:47 ===
    node_starting_miner: <0.411.0>
    recall_block: 0

=INFO REPORT==== 9-Jan-2018::18:53:47 ===
    node: <0.411.0>
    started_miner: <0.413.0>

=INFO REPORT==== 9-Jan-2018::18:53:47 ===
    height: 0
    services: []

=INFO REPORT==== 9-Jan-2018::18:53:47 ===

=INFO REPORT==== 9-Jan-2018::18:53:47 ===
    node: <0.411.0>
    accepted_block: 1
    hash: <<211,219,81,17,183,75,181,161,116,216,248,157,241,158,212,166,11,
            229,73,52,229,97,230,201,200,98,5,119,161,23,161,22>>
    txs: 0

=INFO REPORT==== 9-Jan-2018::18:53:47 ===
    height: 1
    services: [{service,"test",{127,0,0,1,1984},1}]

=INFO REPORT==== 9-Jan-2018::18:53:47 ===
    {service,"test",{127,0,0,1,1984},1}

=INFO REPORT==== 9-Jan-2018::18:53:48 ===
    height: 1
    services: [{service,"test",{127,0,0,1,1984},1}]

=INFO REPORT==== 9-Jan-2018::18:53:48 ===
    {service,"test",{127,0,0,1,1984},1}

=INFO REPORT==== 9-Jan-2018::18:53:48 ===
    height: 1
    services: [{service,"test",{127,0,0,1,1984},1}]

=INFO REPORT==== 9-Jan-2018::18:53:48 ===
    {service,"test",{127,0,0,1,1984},1}

=INFO REPORT==== 9-Jan-2018::18:53:48 ===
    height: 0
    services: []

=INFO REPORT==== 9-Jan-2018::18:53:48 ===

=INFO REPORT==== 9-Jan-2018::18:53:48 ===
    height: 0
    services: [{service,"test",{127,0,0,1,1984},1}]

=INFO REPORT==== 9-Jan-2018::18:53:48 ===
    {service,"test",{127,0,0,1,1984},1}

=INFO REPORT==== 9-Jan-2018::18:53:48 ===
    height: 0
    services: [{service,"test",{127,0,0,1,1984},1}]

=INFO REPORT==== 9-Jan-2018::18:53:48 ===
    {service,"test",{127,0,0,1,1984},1}

=INFO REPORT==== 9-Jan-2018::18:53:48 ===
    node_starting_miner: <0.415.0>
    recall_block: 0

=INFO REPORT==== 9-Jan-2018::18:53:48 ===
    node: <0.415.0>
    started_miner: <0.417.0>

=INFO REPORT==== 9-Jan-2018::18:53:48 ===
    node: <0.415.0>
    accepted_block: 1
    hash: <<29,112,108,131,182,108,119,212,232,57,6,16,47,167,194,78,19,54,216,
            39,146,145,79,170,88,200,223,191,27,227,156,131>>
    txs: 0

=INFO REPORT==== 9-Jan-2018::18:53:49 ===
    node_starting_miner: <0.415.0>
    recall_block: 0

=INFO REPORT==== 9-Jan-2018::18:53:49 ===
    node: <0.415.0>
    started_miner: <0.418.0>

=INFO REPORT==== 9-Jan-2018::18:53:49 ===
    node: <0.415.0>
    accepted_block: 2
    hash: <<224,185,64,99,249,169,221,93,207,10,216,218,241,232,182,4,76,141,
            235,222,199,38,41,36,192,58,86,20,230,211,84,131>>
    txs: 0

=INFO REPORT==== 9-Jan-2018::18:53:50 ===
    height: 2
    services: [{service,"test",{127,0,0,1,1984},1}]

=INFO REPORT==== 9-Jan-2018::18:53:50 ===

=INFO REPORT==== 9-Jan-2018::18:53:50 ===
    height: 2
    services: []

=INFO REPORT==== 9-Jan-2018::18:53:50 ===

=INFO REPORT==== 9-Jan-2018::18:54:02 ===
    node_starting_miner: <0.31435.0>
    recall_block: 0

=INFO REPORT==== 9-Jan-2018::18:54:02 ===
    node: <0.31435.0>
    started_miner: <0.31436.0>

=INFO REPORT==== 9-Jan-2018::18:54:02 ===
    node: <0.31435.0>
    accepted_block: 1
    hash: <<123,85,143,190,22,143,246,78,157,82,197,196,59,219,206,101,254,197,
            156,250,219,37,245,194,89,163,249,109,207,241,17,142>>
    txs: 0

=INFO REPORT==== 9-Jan-2018::18:54:03 ===
    node_starting_miner: <0.31435.0>
    recall_block: 0

=INFO REPORT==== 9-Jan-2018::18:54:03 ===
    node: <0.31435.0>
    started_miner: <0.31437.0>

=INFO REPORT==== 9-Jan-2018::18:54:03 ===
    node: <0.31435.0>
    accepted_block: 2
    hash: <<17,237,150,141,237,190,22,52,211,183,9,163,236,16,214,211,22,122,
            131,113,96,47,211,160,103,206,211,203,225,247,99,46>>
    txs: 0

=INFO REPORT==== 9-Jan-2018::18:54:03 ===
    joining_network
    node: <0.31438.0>
    peers: [<0.31435.0>]
    height: 2

=INFO REPORT==== 9-Jan-2018::18:54:03 ===
    node_joined_successfully
    height: 2

=INFO REPORT==== 9-Jan-2018::18:54:04 ===
    node_starting_miner: <0.31441.0>
    recall_block: 0

=INFO REPORT==== 9-Jan-2018::18:54:04 ===
    node: <0.31441.0>
    started_miner: <0.31442.0>

=INFO REPORT==== 9-Jan-2018::18:54:04 ===
    node: <0.31441.0>
    accepted_block: 1
    hash: <<171,152,137,149,117,152,247,97,94,64,175,126,225,161,21,92,168,249,
            76,69,30,40,29,195,237,201,131,251,15,138,228,145>>
    txs: 0

=INFO REPORT==== 9-Jan-2018::18:54:04 ===
    node_starting_miner: <0.31441.0>
    recall_block: 0

=INFO REPORT==== 9-Jan-2018::18:54:04 ===
    node: <0.31441.0>
    started_miner: <0.31443.0>

=INFO REPORT==== 9-Jan-2018::18:54:04 ===
    node: <0.31441.0>
    accepted_block: 2
    hash: <<36,133,249,194,22,53,122,83,112,125,116,229,142,166,179,125,38,220,
            25,102,196,69,48,154,166,237,190,95,52,64,51,97>>
    txs: 0

=INFO REPORT==== 9-Jan-2018::18:54:05 ===
    joining_network
    node: <0.31444.0>
    peers: [<0.31441.0>]
    height: 2

=INFO REPORT==== 9-Jan-2018::18:54:05 ===
    node_joined_successfully
    height: 2

=INFO REPORT==== 9-Jan-2018::18:54:05 ===
    node_starting_miner: <0.31444.0>
    recall_block: 1

=INFO REPORT==== 9-Jan-2018::18:54:05 ===
    node: <0.31444.0>
    started_miner: <0.31446.0>

=INFO REPORT==== 9-Jan-2018::18:54:05 ===
    node: <0.31444.0>
    accepted_block: 3
    hash: <<36,119,56,199,8,86,33,121,135,249,97,184,61,20,21,231,147,0,89,28,
            35,19,225,137,29,114,186,151,130,43,14,221>>
    txs: 0

=INFO REPORT==== 9-Jan-2018::18:54:05 ===
    accepted_foreign_block: <<36,119,56,199,8,86,33,121,135,249,97,184,61,20,
                              21,231,147,0,89,28,35,19,225,137,29,114,186,151,
                              130,43,14,221>>
    height: 3
